# JRE version: OpenJDK Runtime Environment Temurin-17.0.11+9 (17.0.11+9) (build 17.0.11+9)
# Java VM: OpenJDK Client VM Temurin-17.0.11+9 (17.0.11+9, mixed mode, emulated-client, serial gc, windows-x86)
GC Precious Log:
 CPUs: 12 total, 12 available
 Memory: 15676M
 Large Page Support: Disabled
 NUMA Support: Disabled
 Compressed Oops: Disabled
 Heap Min Capacity: 6M
 Heap Initial Capacity: 16M
 Heap Max Capacity: 1536M
 Pre-touch: Disabled
Heap:
 def new generation   total 79488K, used 28627K [0x05a00000, 0x0b030000, 0x25a00000)
  eden space 70720K,  34% used [0x05a00000, 0x071cad88, 0x09f10000)
  from space 8768K,  48% used [0x09f10000, 0x0a33a0e8, 0x0a7a0000)
  to   space 8768K,   0% used [0x0a7a0000, 0x0a7a0000, 0x0b030000)
 tenured generation   total 175376K, used 156216K [0x25a00000, 0x30544000, 0x65a00000)
   the space 175376K,  89% used [0x25a00000, 0x2f28e380, 0x2f28e400, 0x30544000)
 Metaspace       used 81480K, committed 81920K, reserved 81920K
GC Heap History (20 events):
Event: 147.849 GC heap before
{Heap before GC invocations=205 (full 6):
 def new generation   total 79488K, used 73896K [0x05a00000, 0x0b030000, 0x25a00000)
  eden space 70720K, 100% used [0x05a00000, 0x09f10000, 0x09f10000)
  from space 8768K,  36% used [0x09f10000, 0x0a22a140, 0x0a7a0000)
  to   space 8768K,   0% used [0x0a7a0000, 0x0a7a0000, 0x0b030000)
 tenured generation   total 175376K, used 141514K [0x25a00000, 0x30544000, 0x65a00000)
   the space 175376K,  80% used [0x25a00000, 0x2e432bd0, 0x2e432c00, 0x30544000)
 Metaspace       used 73223K, committed 73664K, reserved 81920K
}
Event: 147.860 GC heap after
{Heap after GC invocations=206 (full 6):
 def new generation   total 79488K, used 3632K [0x05a00000, 0x0b030000, 0x25a00000)
  eden space 70720K,   0% used [0x05a00000, 0x05a00000, 0x09f10000)
  from space 8768K,  41% used [0x0a7a0000, 0x0ab2c0a0, 0x0b030000)
  to   space 8768K,   0% used [0x09f10000, 0x09f10000, 0x0a7a0000)
 tenured generation   total 175376K, used 141514K [0x25a00000, 0x30544000, 0x65a00000)
   the space 175376K,  80% used [0x25a00000, 0x2e432bd0, 0x2e432c00, 0x30544000)
 Metaspace       used 73223K, committed 73664K, reserved 81920K
}
Event: 148.825 GC heap before
{Heap before GC invocations=206 (full 6):
 def new generation   total 79488K, used 74346K [0x05a00000, 0x0b030000, 0x25a00000)
  eden space 70720K,  99% used [0x05a00000, 0x09f0ead8, 0x09f10000)
  from space 8768K,  41% used [0x0a7a0000, 0x0ab2c0a0, 0x0b030000)
  to   space 8768K,   0% used [0x09f10000, 0x09f10000, 0x0a7a0000)
 tenured generation   total 175376K, used 141514K [0x25a00000, 0x30544000, 0x65a00000)
   the space 175376K,  80% used [0x25a00000, 0x2e432bd0, 0x2e432c00, 0x30544000)
 Metaspace       used 74071K, committed 74496K, reserved 81920K
}
Event: 148.857 GC heap after
{Heap after GC invocations=207 (full 6):
 def new generation   total 79488K, used 8768K [0x05a00000, 0x0b030000, 0x25a00000)
  eden space 70720K,   0% used [0x05a00000, 0x05a00000, 0x09f10000)
  from space 8768K, 100% used [0x09f10000, 0x0a7a0000, 0x0a7a0000)
  to   space 8768K,   0% used [0x0a7a0000, 0x0a7a0000, 0x0b030000)
 tenured generation   total 175376K, used 145334K [0x25a00000, 0x30544000, 0x65a00000)
   the space 175376K,  82% used [0x25a00000, 0x2e7ed840, 0x2e7eda00, 0x30544000)
 Metaspace       used 74071K, committed 74496K, reserved 81920K
}
Event: 149.357 GC heap before
{Heap before GC invocations=207 (full 6):
 def new generation   total 79488K, used 79488K [0x05a00000, 0x0b030000, 0x25a00000)
  eden space 70720K, 100% used [0x05a00000, 0x09f10000, 0x09f10000)
  from space 8768K, 100% used [0x09f10000, 0x0a7a0000, 0x0a7a0000)
  to   space 8768K,   0% used [0x0a7a0000, 0x0a7a0000, 0x0b030000)
 tenured generation   total 175376K, used 145334K [0x25a00000, 0x30544000, 0x65a00000)
   the space 175376K,  82% used [0x25a00000, 0x2e7ed840, 0x2e7eda00, 0x30544000)
 Metaspace       used 76031K, committed 76480K, reserved 81920K
}
Event: 149.409 GC heap after
{Heap after GC invocations=208 (full 6):
 def new generation   total 79488K, used 5616K [0x05a00000, 0x0b030000, 0x25a00000)
  eden space 70720K,   0% used [0x05a00000, 0x05a00000, 0x09f10000)
  from space 8768K,  64% used [0x0a7a0000, 0x0ad1c1e8, 0x0b030000)
  to   space 8768K,   0% used [0x09f10000, 0x09f10000, 0x0a7a0000)
 tenured generation   total 175376K, used 154042K [0x25a00000, 0x30544000, 0x65a00000)
   the space 175376K,  87% used [0x25a00000, 0x2f06e818, 0x2f06ea00, 0x30544000)
 Metaspace       used 76031K, committed 76480K, reserved 81920K
}
Event: 150.791 GC heap before
{Heap before GC invocations=208 (full 6):
 def new generation   total 79488K, used 76310K [0x05a00000, 0x0b030000, 0x25a00000)
  eden space 70720K,  99% used [0x05a00000, 0x09f097a8, 0x09f10000)
  from space 8768K,  64% used [0x0a7a0000, 0x0ad1c1e8, 0x0b030000)
  to   space 8768K,   0% used [0x09f10000, 0x09f10000, 0x0a7a0000)
 tenured generation   total 175376K, used 154042K [0x25a00000, 0x30544000, 0x65a00000)
   the space 175376K,  87% used [0x25a00000, 0x2f06e818, 0x2f06ea00, 0x30544000)
 Metaspace       used 76575K, committed 77056K, reserved 81920K
}
Event: 150.802 GC heap after
{Heap after GC invocations=209 (full 6):
 def new generation   total 79488K, used 3372K [0x05a00000, 0x0b030000, 0x25a00000)
  eden space 70720K,   0% used [0x05a00000, 0x05a00000, 0x09f10000)
  from space 8768K,  38% used [0x09f10000, 0x0a25b090, 0x0a7a0000)
  to   space 8768K,   0% used [0x0a7a0000, 0x0a7a0000, 0x0b030000)
 tenured generation   total 175376K, used 154946K [0x25a00000, 0x30544000, 0x65a00000)
   the space 175376K,  88% used [0x25a00000, 0x2f150b98, 0x2f150c00, 0x30544000)
 Metaspace       used 76575K, committed 77056K, reserved 81920K
}
Event: 151.033 GC heap before
{Heap before GC invocations=209 (full 6):
 def new generation   total 79488K, used 74092K [0x05a00000, 0x0b030000, 0x25a00000)
  eden space 70720K, 100% used [0x05a00000, 0x09f10000, 0x09f10000)
  from space 8768K,  38% used [0x09f10000, 0x0a25b090, 0x0a7a0000)
  to   space 8768K,   0% used [0x0a7a0000, 0x0a7a0000, 0x0b030000)
 tenured generation   total 175376K, used 154946K [0x25a00000, 0x30544000, 0x65a00000)
   the space 175376K,  88% used [0x25a00000, 0x2f150b98, 0x2f150c00, 0x30544000)
 Metaspace       used 76575K, committed 77056K, reserved 81920K
}
Event: 151.040 GC heap after
{Heap after GC invocations=210 (full 6):
 def new generation   total 79488K, used 4161K [0x05a00000, 0x0b030000, 0x25a00000)
  eden space 70720K,   0% used [0x05a00000, 0x05a00000, 0x09f10000)
  from space 8768K,  47% used [0x0a7a0000, 0x0abb07b0, 0x0b030000)
  to   space 8768K,   0% used [0x09f10000, 0x09f10000, 0x0a7a0000)
 tenured generation   total 175376K, used 154946K [0x25a00000, 0x30544000, 0x65a00000)
   the space 175376K,  88% used [0x25a00000, 0x2f150b98, 0x2f150c00, 0x30544000)
 Metaspace       used 76575K, committed 77056K, reserved 81920K
}
Event: 151.548 GC heap before
{Heap before GC invocations=210 (full 6):
 def new generation   total 79488K, used 74881K [0x05a00000, 0x0b030000, 0x25a00000)
  eden space 70720K, 100% used [0x05a00000, 0x09f10000, 0x09f10000)
  from space 8768K,  47% used [0x0a7a0000, 0x0abb07b0, 0x0b030000)
  to   space 8768K,   0% used [0x09f10000, 0x09f10000, 0x0a7a0000)
 tenured generation   total 175376K, used 154946K [0x25a00000, 0x30544000, 0x65a00000)
   the space 175376K,  88% used [0x25a00000, 0x2f150b98, 0x2f150c00, 0x30544000)
 Metaspace       used 77027K, committed 77504K, reserved 81920K
}
Event: 151.555 GC heap after
{Heap after GC invocations=211 (full 6):
 def new generation   total 79488K, used 1768K [0x05a00000, 0x0b030000, 0x25a00000)
  eden space 70720K,   0% used [0x05a00000, 0x05a00000, 0x09f10000)
  from space 8768K,  20% used [0x09f10000, 0x0a0ca3d0, 0x0a7a0000)
  to   space 8768K,   0% used [0x0a7a0000, 0x0a7a0000, 0x0b030000)
 tenured generation   total 175376K, used 154946K [0x25a00000, 0x30544000, 0x65a00000)
   the space 175376K,  88% used [0x25a00000, 0x2f150b98, 0x2f150c00, 0x30544000)
 Metaspace       used 77027K, committed 77504K, reserved 81920K
}
Event: 152.442 GC heap before
{Heap before GC invocations=211 (full 6):
 def new generation   total 79488K, used 72488K [0x05a00000, 0x0b030000, 0x25a00000)
  eden space 70720K, 100% used [0x05a00000, 0x09f10000, 0x09f10000)
  from space 8768K,  20% used [0x09f10000, 0x0a0ca3d0, 0x0a7a0000)
  to   space 8768K,   0% used [0x0a7a0000, 0x0a7a0000, 0x0b030000)
 tenured generation   total 175376K, used 154946K [0x25a00000, 0x30544000, 0x65a00000)
   the space 175376K,  88% used [0x25a00000, 0x2f150b98, 0x2f150c00, 0x30544000)
 Metaspace       used 79860K, committed 80320K, reserved 81920K
}
Event: 152.460 GC heap after
{Heap after GC invocations=212 (full 6):
 def new generation   total 79488K, used 4700K [0x05a00000, 0x0b030000, 0x25a00000)
  eden space 70720K,   0% used [0x05a00000, 0x05a00000, 0x09f10000)
  from space 8768K,  53% used [0x0a7a0000, 0x0ac37068, 0x0b030000)
  to   space 8768K,   0% used [0x09f10000, 0x09f10000, 0x0a7a0000)
 tenured generation   total 175376K, used 154946K [0x25a00000, 0x30544000, 0x65a00000)
   the space 175376K,  88% used [0x25a00000, 0x2f150b98, 0x2f150c00, 0x30544000)
 Metaspace       used 79860K, committed 80320K, reserved 81920K
}
Event: 152.972 GC heap before
{Heap before GC invocations=212 (full 6):
 def new generation   total 79488K, used 75406K [0x05a00000, 0x0b030000, 0x25a00000)
  eden space 70720K,  99% used [0x05a00000, 0x09f0cb50, 0x09f10000)
  from space 8768K,  53% used [0x0a7a0000, 0x0ac37068, 0x0b030000)
  to   space 8768K,   0% used [0x09f10000, 0x09f10000, 0x0a7a0000)
 tenured generation   total 175376K, used 154946K [0x25a00000, 0x30544000, 0x65a00000)
   the space 175376K,  88% used [0x25a00000, 0x2f150b98, 0x2f150c00, 0x30544000)
 Metaspace       used 79955K, committed 80384K, reserved 81920K
}
Event: 152.987 GC heap after
{Heap after GC invocations=213 (full 6):
 def new generation   total 79488K, used 3657K [0x05a00000, 0x0b030000, 0x25a00000)
  eden space 70720K,   0% used [0x05a00000, 0x05a00000, 0x09f10000)
  from space 8768K,  41% used [0x09f10000, 0x0a2a27d0, 0x0a7a0000)
  to   space 8768K,   0% used [0x0a7a0000, 0x0a7a0000, 0x0b030000)
 tenured generation   total 175376K, used 156216K [0x25a00000, 0x30544000, 0x65a00000)
   the space 175376K,  89% used [0x25a00000, 0x2f28e380, 0x2f28e400, 0x30544000)
 Metaspace       used 79955K, committed 80384K, reserved 81920K
}
Event: 153.339 GC heap before
{Heap before GC invocations=213 (full 6):
 def new generation   total 79488K, used 74377K [0x05a00000, 0x0b030000, 0x25a00000)
  eden space 70720K, 100% used [0x05a00000, 0x09f10000, 0x09f10000)
  from space 8768K,  41% used [0x09f10000, 0x0a2a27d0, 0x0a7a0000)
  to   space 8768K,   0% used [0x0a7a0000, 0x0a7a0000, 0x0b030000)
 tenured generation   total 175376K, used 156216K [0x25a00000, 0x30544000, 0x65a00000)
   the space 175376K,  89% used [0x25a00000, 0x2f28e380, 0x2f28e400, 0x30544000)
 Metaspace       used 80477K, committed 80960K, reserved 81920K
}
Event: 153.356 GC heap after
{Heap after GC invocations=214 (full 6):
 def new generation   total 79488K, used 4179K [0x05a00000, 0x0b030000, 0x25a00000)
  eden space 70720K,   0% used [0x05a00000, 0x05a00000, 0x09f10000)
  from space 8768K,  47% used [0x0a7a0000, 0x0abb4e00, 0x0b030000)
  to   space 8768K,   0% used [0x09f10000, 0x09f10000, 0x0a7a0000)
 tenured generation   total 175376K, used 156216K [0x25a00000, 0x30544000, 0x65a00000)
   the space 175376K,  89% used [0x25a00000, 0x2f28e380, 0x2f28e400, 0x30544000)
 Metaspace       used 80477K, committed 80960K, reserved 81920K
}
Event: 154.300 GC heap before
{Heap before GC invocations=214 (full 6):
 def new generation   total 79488K, used 74899K [0x05a00000, 0x0b030000, 0x25a00000)
  eden space 70720K, 100% used [0x05a00000, 0x09f10000, 0x09f10000)
  from space 8768K,  47% used [0x0a7a0000, 0x0abb4e00, 0x0b030000)
  to   space 8768K,   0% used [0x09f10000, 0x09f10000, 0x0a7a0000)
 tenured generation   total 175376K, used 156216K [0x25a00000, 0x30544000, 0x65a00000)
   the space 175376K,  89% used [0x25a00000, 0x2f28e380, 0x2f28e400, 0x30544000)
 Metaspace       used 80666K, committed 81152K, reserved 81920K
}
Event: 154.309 GC heap after
{Heap after GC invocations=215 (full 6):
 def new generation   total 79488K, used 4264K [0x05a00000, 0x0b030000, 0x25a00000)
  eden space 70720K,   0% used [0x05a00000, 0x05a00000, 0x09f10000)
  from space 8768K,  48% used [0x09f10000, 0x0a33a0e8, 0x0a7a0000)
  to   space 8768K,   0% used [0x0a7a0000, 0x0a7a0000, 0x0b030000)
 tenured generation   total 175376K, used 156216K [0x25a00000, 0x30544000, 0x65a00000)
   the space 175376K,  89% used [0x25a00000, 0x2f28e380, 0x2f28e400, 0x30544000)
 Metaspace       used 80666K, committed 81152K, reserved 81920K
}

